<?xml version="1.0" encoding="UTF-8"?>
<!-- Generated by org.testng.reporters.JUnitReportReporter -->
<testsuite hostname="DESKTOP-5BS10NK" failures="0" tests="1" name="com.test.elements.TC2_FormFillUp" time="11.997" errors="0" timestamp="2024-05-16T18:39:38 IST" skipped="0">
  <testcase classname="com.test.elements.TC2_FormFillUp" name="fillForm" time="11.997"/>
</testsuite> <!-- com.test.elements.TC2_FormFillUp -->
