<?xml version="1.0" encoding="UTF-8"?>
<!-- Generated by org.testng.reporters.JUnitReportReporter -->
<testsuite hostname="DESKTOP-5BS10NK" failures="0" tests="1" name="com.test.elements.TC2_FormFillUp" time="12.282" errors="0" timestamp="2024-05-16T20:01:06 IST" skipped="0">
  <testcase classname="com.test.elements.TC2_FormFillUp" name="fillForm" time="12.282"/>
</testsuite> <!-- com.test.elements.TC2_FormFillUp -->
